<?xml version="1.0" encoding="UTF-8"?>
<!-- Generated by org.testng.reporters.JUnitReportReporter -->
<testsuite hostname="LAPTOP-NGBN2FI1" failures="0" tests="2" name="test.Logout" time="0.015" errors="0" timestamp="2021-09-05T22:01:30 IST" skipped="0">
  <testcase classname="test.Logout" name="Logout_TestCase2" time="0.001"/>
  <system-out/>
  <testcase classname="test.Logout" name="Logout_TestCase1" time="0.014"/>
  <system-out/>
</testsuite> <!-- test.Logout -->
