<?xml version="1.0" encoding="UTF-8"?>
<!-- Generated by org.testng.reporters.JUnitReportReporter -->
<testsuite hostname="LAPTOP-NGBN2FI1" failures="0" tests="1" name="test.Login" time="56.763" errors="0" timestamp="2021-09-06T13:31:21 IST" skipped="0">
  <testcase classname="test.Login" name="Login_TestCase1" time="56.763"/>
  <system-out/>
</testsuite> <!-- test.Login -->
