<?xml version="1.0" encoding="UTF-8"?>
<!-- Generated by org.testng.reporters.JUnitReportReporter -->
<testsuite hostname="LAPTOP-NGBN2FI1" failures="0" tests="1" name="test.GoogleSearchTest" time="7.610" errors="0" timestamp="2021-09-05T20:20:45 IST" skipped="0">
  <testcase classname="test.GoogleSearchTest" name="navigate_to_homepage_click_on_getstarted" time="7.610"/>
  <system-out/>
</testsuite> <!-- test.GoogleSearchTest -->
